{"contracts/Dex.sol":{"l":{"63":69,"64":69,"72":13,"73":13,"75":13,"88":16,"93":12,"94":12,"96":12,"105":4,"106":4,"107":2,"109":2,"111":2,"124":4,"125":4,"126":2,"128":2,"133":2,"140":54,"141":52,"142":52,"149":4,"150":2,"151":2,"162":43,"163":14,"166":41,"169":41,"171":28,"178":35,"181":35,"184":35,"187":35,"190":35,"201":35,"214":35,"229":11,"232":9,"235":7,"238":5,"241":5,"244":5,"247":5,"250":5,"253":5,"260":22,"263":20,"266":18,"269":16,"272":16,"275":16,"278":14,"279":14,"282":12,"283":12,"287":10,"290":10,"292":7,"299":8,"302":8,"312":8,"315":8,"325":39,"331":54,"337":1,"343":24,"349":3,"355":1,"361":1,"367":8,"373":3,"379":44,"387":230,"393":57,"399":32,"405":19,"406":19,"412":1,"413":1,"419":126,"425":228,"429":35,"433":35,"437":13,"441":7,"451":35,"452":20,"454":18,"456":18,"458":0,"463":15,"469":27,"470":27,"472":27,"482":13,"483":13,"484":13,"494":35,"495":35,"496":35,"507":16,"508":16,"510":16,"511":16,"525":8,"528":8,"529":8,"543":35,"557":28,"558":24,"562":116,"563":108},"path":"/home/madness/Desktop/projects/exchange-final/contracts/Dex.sol","s":{"1":69,"2":69,"3":13,"4":13,"5":13,"6":16,"7":12,"8":12,"9":12,"10":4,"11":4,"12":2,"13":2,"14":2,"15":4,"16":4,"17":2,"18":2,"19":2,"20":54,"21":52,"22":52,"23":4,"24":2,"25":2,"26":43,"27":14,"28":41,"29":41,"30":28,"31":35,"32":35,"33":35,"34":35,"35":35,"36":35,"37":35,"38":11,"39":9,"40":7,"41":5,"42":5,"43":5,"44":5,"45":5,"46":5,"47":22,"48":20,"49":18,"50":16,"51":16,"52":16,"53":14,"54":14,"55":12,"56":12,"57":10,"58":10,"59":7,"60":8,"61":8,"62":8,"63":8,"64":39,"65":54,"66":1,"67":24,"68":3,"69":1,"70":1,"71":8,"72":3,"73":44,"74":230,"75":57,"76":32,"77":19,"78":19,"79":1,"80":1,"81":126,"82":228,"83":35,"84":35,"85":13,"86":7,"87":35,"88":20,"89":18,"90":18,"91":0,"92":15,"93":27,"94":27,"95":27,"96":13,"97":13,"98":13,"99":35,"100":35,"101":35,"102":16,"103":16,"104":16,"105":16,"106":8,"107":8,"108":8,"109":35,"110":28,"111":116},"b":{"1":[12,4],"2":[2,2],"3":[2,2],"4":[2,0],"5":[52,2],"6":[2,2],"7":[14,29],"8":[12,2],"9":[28,13],"10":[22,6],"11":[9,2],"12":[7,2],"13":[5,2],"14":[20,2],"15":[18,2],"16":[16,2],"17":[14,2],"18":[12,2],"19":[12,0],"20":[10,2],"21":[7,3],"22":[5,2],"23":[20,15],"24":[18,2],"25":[0,18],"26":[9,6],"27":[24,4],"28":[108,8]},"f":{"1":69,"2":13,"3":16,"4":4,"5":4,"6":54,"7":4,"8":43,"9":11,"10":22,"11":39,"12":54,"13":1,"14":24,"15":3,"16":1,"17":1,"18":8,"19":3,"20":44,"21":230,"22":57,"23":32,"24":19,"25":1,"26":126,"27":228,"28":35,"29":35,"30":13,"31":7,"32":35,"33":13,"34":35,"35":16,"36":8,"37":35,"38":28,"39":116},"fnMap":{"1":{"name":"constructor","line":61,"loc":{"start":{"line":61,"column":4},"end":{"line":65,"column":4}}},"2":{"name":"deposit","line":71,"loc":{"start":{"line":71,"column":4},"end":{"line":76,"column":4}}},"3":{"name":"depositToken","line":87,"loc":{"start":{"line":84,"column":4},"end":{"line":97,"column":4}}},"4":{"name":"withdraw","line":104,"loc":{"start":{"line":104,"column":4},"end":{"line":112,"column":4}}},"5":{"name":"withdrawToken","line":123,"loc":{"start":{"line":120,"column":4},"end":{"line":134,"column":4}}},"6":{"name":"addToken","line":139,"loc":{"start":{"line":139,"column":4},"end":{"line":143,"column":4}}},"7":{"name":"removeToken","line":148,"loc":{"start":{"line":148,"column":4},"end":{"line":152,"column":4}}},"8":{"name":"createOrder","line":161,"loc":{"start":{"line":156,"column":4},"end":{"line":223,"column":4}}},"9":{"name":"cancelOrder","line":227,"loc":{"start":{"line":227,"column":4},"end":{"line":254,"column":4}}},"10":{"name":"fillOrder","line":258,"loc":{"start":{"line":258,"column":4},"end":{"line":319,"column":4}}},"11":{"name":"userBalanceForToken","line":324,"loc":{"start":{"line":324,"column":4},"end":{"line":326,"column":4}}},"12":{"name":"isValidToken","line":330,"loc":{"start":{"line":330,"column":4},"end":{"line":332,"column":4}}},"13":{"name":"getValidTokens","line":336,"loc":{"start":{"line":336,"column":4},"end":{"line":338,"column":4}}},"14":{"name":"orderExists","line":342,"loc":{"start":{"line":342,"column":4},"end":{"line":344,"column":4}}},"15":{"name":"orderIsCanceled","line":348,"loc":{"start":{"line":348,"column":4},"end":{"line":350,"column":4}}},"16":{"name":"orderIsFilled","line":354,"loc":{"start":{"line":354,"column":4},"end":{"line":356,"column":4}}},"17":{"name":"orderIsExpired","line":360,"loc":{"start":{"line":360,"column":4},"end":{"line":362,"column":4}}},"18":{"name":"getOrderFill","line":366,"loc":{"start":{"line":366,"column":4},"end":{"line":368,"column":4}}},"19":{"name":"getOrderInfo","line":372,"loc":{"start":{"line":372,"column":4},"end":{"line":374,"column":4}}},"20":{"name":"_getOrderInfo","line":378,"loc":{"start":{"line":378,"column":4},"end":{"line":380,"column":4}}},"21":{"name":"_userBalanceOf","line":383,"loc":{"start":{"line":383,"column":4},"end":{"line":388,"column":4}}},"22":{"name":"_orderExists","line":392,"loc":{"start":{"line":392,"column":4},"end":{"line":394,"column":4}}},"23":{"name":"_orderIsCanceled","line":398,"loc":{"start":{"line":398,"column":4},"end":{"line":400,"column":4}}},"24":{"name":"_orderIsExpired","line":404,"loc":{"start":{"line":404,"column":4},"end":{"line":407,"column":4}}},"25":{"name":"_orderIsFilled","line":411,"loc":{"start":{"line":411,"column":4},"end":{"line":414,"column":4}}},"26":{"name":"_isEther","line":418,"loc":{"start":{"line":418,"column":4},"end":{"line":420,"column":4}}},"27":{"name":"_isValidToken","line":424,"loc":{"start":{"line":424,"column":4},"end":{"line":426,"column":4}}},"28":{"name":"_getNonce","line":428,"loc":{"start":{"line":428,"column":4},"end":{"line":430,"column":4}}},"29":{"name":"_calculateExpiration","line":432,"loc":{"start":{"line":432,"column":4},"end":{"line":434,"column":4}}},"30":{"name":"_getOrderFill","line":436,"loc":{"start":{"line":436,"column":4},"end":{"line":438,"column":4}}},"31":{"name":"_isOrderCreator","line":440,"loc":{"start":{"line":440,"column":4},"end":{"line":442,"column":4}}},"32":{"name":"_checkBank","line":446,"loc":{"start":{"line":446,"column":4},"end":{"line":473,"column":4}}},"33":{"name":"_unlockTokens","line":477,"loc":{"start":{"line":477,"column":4},"end":{"line":485,"column":4}}},"34":{"name":"_lockTokens","line":489,"loc":{"start":{"line":489,"column":4},"end":{"line":497,"column":4}}},"35":{"name":"_transferEscrowed","line":501,"loc":{"start":{"line":501,"column":4},"end":{"line":512,"column":4}}},"36":{"name":"_trade","line":516,"loc":{"start":{"line":516,"column":4},"end":{"line":530,"column":4}}},"37":{"name":"_hashOrder","line":534,"loc":{"start":{"line":534,"column":4},"end":{"line":554,"column":4}}},"38":{"name":"onlyTokens","line":556,"loc":{"start":{"line":556,"column":4},"end":{"line":559,"column":4}}},"39":{"name":"onlyValidTokens","line":561,"loc":{"start":{"line":561,"column":4},"end":{"line":564,"column":4}}}},"statementMap":{"1":{"start":{"line":63,"column":8},"end":{"line":63,"column":38}},"2":{"start":{"line":64,"column":8},"end":{"line":64,"column":41}},"3":{"start":{"line":72,"column":8},"end":{"line":72,"column":72}},"4":{"start":{"line":73,"column":8},"end":{"line":73,"column":61}},"5":{"start":{"line":75,"column":8},"end":{"line":75,"column":63}},"6":{"start":{"line":88,"column":8},"end":{"line":88,"column":2431}},"7":{"start":{"line":93,"column":8},"end":{"line":93,"column":67}},"8":{"start":{"line":94,"column":8},"end":{"line":94,"column":58}},"9":{"start":{"line":96,"column":8},"end":{"line":96,"column":55}},"10":{"start":{"line":105,"column":8},"end":{"line":105,"column":72}},"11":{"start":{"line":106,"column":8},"end":{"line":106,"column":75}},"12":{"start":{"line":107,"column":8},"end":{"line":107,"column":58}},"13":{"start":{"line":109,"column":8},"end":{"line":109,"column":34}},"14":{"start":{"line":111,"column":8},"end":{"line":111,"column":61}},"15":{"start":{"line":124,"column":8},"end":{"line":124,"column":67}},"16":{"start":{"line":125,"column":8},"end":{"line":125,"column":75}},"17":{"start":{"line":126,"column":8},"end":{"line":126,"column":58}},"18":{"start":{"line":128,"column":8},"end":{"line":128,"column":3912}},"19":{"start":{"line":133,"column":8},"end":{"line":133,"column":56}},"20":{"start":{"line":140,"column":8},"end":{"line":140,"column":74}},"21":{"start":{"line":141,"column":8},"end":{"line":141,"column":33}},"22":{"start":{"line":142,"column":8},"end":{"line":142,"column":30}},"23":{"start":{"line":149,"column":8},"end":{"line":149,"column":73}},"24":{"start":{"line":150,"column":8},"end":{"line":150,"column":34}},"25":{"start":{"line":151,"column":8},"end":{"line":151,"column":32}},"26":{"start":{"line":162,"column":8},"end":{"line":162,"column":4804}},"27":{"start":{"line":163,"column":12},"end":{"line":163,"column":64}},"28":{"start":{"line":166,"column":8},"end":{"line":166,"column":71}},"29":{"start":{"line":169,"column":8},"end":{"line":169,"column":5051}},"30":{"start":{"line":171,"column":12},"end":{"line":171,"column":5168}},"31":{"start":{"line":178,"column":8},"end":{"line":178,"column":52}},"32":{"start":{"line":181,"column":8},"end":{"line":181,"column":56}},"33":{"start":{"line":184,"column":8},"end":{"line":184,"column":53}},"34":{"start":{"line":187,"column":8},"end":{"line":187,"column":37}},"35":{"start":{"line":190,"column":8},"end":{"line":190,"column":5660}},"36":{"start":{"line":201,"column":8},"end":{"line":201,"column":5906}},"37":{"start":{"line":214,"column":8},"end":{"line":214,"column":6293}},"38":{"start":{"line":229,"column":8},"end":{"line":229,"column":63}},"39":{"start":{"line":232,"column":8},"end":{"line":232,"column":79}},"40":{"start":{"line":235,"column":8},"end":{"line":235,"column":89}},"41":{"start":{"line":238,"column":8},"end":{"line":238,"column":62}},"42":{"start":{"line":241,"column":8},"end":{"line":241,"column":52}},"43":{"start":{"line":244,"column":8},"end":{"line":244,"column":70}},"44":{"start":{"line":247,"column":8},"end":{"line":247,"column":69}},"45":{"start":{"line":250,"column":8},"end":{"line":250,"column":41}},"46":{"start":{"line":253,"column":8},"end":{"line":253,"column":37}},"47":{"start":{"line":260,"column":8},"end":{"line":260,"column":63}},"48":{"start":{"line":263,"column":8},"end":{"line":263,"column":65}},"49":{"start":{"line":266,"column":8},"end":{"line":266,"column":64}},"50":{"start":{"line":269,"column":8},"end":{"line":269,"column":62}},"51":{"start":{"line":272,"column":8},"end":{"line":272,"column":53}},"52":{"start":{"line":275,"column":8},"end":{"line":275,"column":95}},"53":{"start":{"line":278,"column":8},"end":{"line":278,"column":73}},"54":{"start":{"line":279,"column":8},"end":{"line":279,"column":88}},"55":{"start":{"line":282,"column":8},"end":{"line":282,"column":8529}},"56":{"start":{"line":283,"column":12},"end":{"line":283,"column":64}},"57":{"start":{"line":287,"column":8},"end":{"line":287,"column":87}},"58":{"start":{"line":290,"column":8},"end":{"line":290,"column":8841}},"59":{"start":{"line":292,"column":12},"end":{"line":292,"column":8966}},"60":{"start":{"line":299,"column":8},"end":{"line":299,"column":92}},"61":{"start":{"line":302,"column":8},"end":{"line":302,"column":9303}},"62":{"start":{"line":312,"column":8},"end":{"line":312,"column":74}},"63":{"start":{"line":315,"column":8},"end":{"line":315,"column":9639}},"64":{"start":{"line":325,"column":8},"end":{"line":325,"column":48}},"65":{"start":{"line":331,"column":8},"end":{"line":331,"column":35}},"66":{"start":{"line":337,"column":8},"end":{"line":337,"column":32}},"67":{"start":{"line":343,"column":8},"end":{"line":343,"column":38}},"68":{"start":{"line":349,"column":8},"end":{"line":349,"column":42}},"69":{"start":{"line":355,"column":8},"end":{"line":355,"column":40}},"70":{"start":{"line":361,"column":8},"end":{"line":361,"column":41}},"71":{"start":{"line":367,"column":8},"end":{"line":367,"column":39}},"72":{"start":{"line":373,"column":8},"end":{"line":373,"column":39}},"73":{"start":{"line":379,"column":8},"end":{"line":379,"column":33}},"74":{"start":{"line":387,"column":8},"end":{"line":387,"column":48}},"75":{"start":{"line":393,"column":8},"end":{"line":393,"column":43}},"76":{"start":{"line":399,"column":8},"end":{"line":399,"column":42}},"77":{"start":{"line":405,"column":8},"end":{"line":405,"column":62}},"78":{"start":{"line":406,"column":8},"end":{"line":406,"column":57}},"79":{"start":{"line":412,"column":8},"end":{"line":412,"column":62}},"80":{"start":{"line":413,"column":8},"end":{"line":413,"column":61}},"81":{"start":{"line":419,"column":8},"end":{"line":419,"column":34}},"82":{"start":{"line":425,"column":8},"end":{"line":425,"column":34}},"83":{"start":{"line":429,"column":8},"end":{"line":429,"column":31}},"84":{"start":{"line":433,"column":8},"end":{"line":433,"column":50}},"85":{"start":{"line":437,"column":8},"end":{"line":437,"column":46}},"86":{"start":{"line":441,"column":8},"end":{"line":441,"column":51}},"87":{"start":{"line":451,"column":8},"end":{"line":451,"column":13166}},"88":{"start":{"line":452,"column":12},"end":{"line":452,"column":74}},"89":{"start":{"line":454,"column":12},"end":{"line":454,"column":61}},"90":{"start":{"line":456,"column":12},"end":{"line":456,"column":13347}},"91":{"start":{"line":458,"column":16},"end":{"line":458,"column":67}},"92":{"start":{"line":463,"column":12},"end":{"line":463,"column":13580}},"93":{"start":{"line":469,"column":8},"end":{"line":469,"column":67}},"94":{"start":{"line":470,"column":8},"end":{"line":470,"column":62}},"95":{"start":{"line":472,"column":8},"end":{"line":472,"column":19}},"96":{"start":{"line":482,"column":8},"end":{"line":482,"column":65}},"97":{"start":{"line":483,"column":8},"end":{"line":483,"column":60}},"98":{"start":{"line":484,"column":8},"end":{"line":484,"column":66}},"99":{"start":{"line":494,"column":8},"end":{"line":494,"column":65}},"100":{"start":{"line":495,"column":8},"end":{"line":495,"column":66}},"101":{"start":{"line":496,"column":8},"end":{"line":496,"column":60}},"102":{"start":{"line":507,"column":8},"end":{"line":507,"column":65}},"103":{"start":{"line":508,"column":8},"end":{"line":508,"column":61}},"104":{"start":{"line":510,"column":8},"end":{"line":510,"column":66}},"105":{"start":{"line":511,"column":8},"end":{"line":511,"column":62}},"106":{"start":{"line":525,"column":8},"end":{"line":525,"column":57}},"107":{"start":{"line":528,"column":8},"end":{"line":528,"column":73}},"108":{"start":{"line":529,"column":8},"end":{"line":529,"column":73}},"109":{"start":{"line":543,"column":8},"end":{"line":543,"column":15804}},"110":{"start":{"line":557,"column":8},"end":{"line":557,"column":67}},"111":{"start":{"line":562,"column":8},"end":{"line":562,"column":77}}},"branchMap":{"1":{"line":88,"type":"if","locations":[{"start":{"line":88,"column":8},"end":{"line":88,"column":8}},{"start":{"line":88,"column":8},"end":{"line":88,"column":8}}]},"2":{"line":106,"type":"if","locations":[{"start":{"line":106,"column":8},"end":{"line":106,"column":8}},{"start":{"line":106,"column":8},"end":{"line":106,"column":8}}]},"3":{"line":125,"type":"if","locations":[{"start":{"line":125,"column":8},"end":{"line":125,"column":8}},{"start":{"line":125,"column":8},"end":{"line":125,"column":8}}]},"4":{"line":128,"type":"if","locations":[{"start":{"line":128,"column":8},"end":{"line":128,"column":8}},{"start":{"line":128,"column":8},"end":{"line":128,"column":8}}]},"5":{"line":140,"type":"if","locations":[{"start":{"line":140,"column":8},"end":{"line":140,"column":8}},{"start":{"line":140,"column":8},"end":{"line":140,"column":8}}]},"6":{"line":149,"type":"if","locations":[{"start":{"line":149,"column":8},"end":{"line":149,"column":8}},{"start":{"line":149,"column":8},"end":{"line":149,"column":8}}]},"7":{"line":162,"type":"if","locations":[{"start":{"line":162,"column":8},"end":{"line":162,"column":8}},{"start":{"line":162,"column":8},"end":{"line":162,"column":8}}]},"8":{"line":163,"type":"if","locations":[{"start":{"line":163,"column":12},"end":{"line":163,"column":12}},{"start":{"line":163,"column":12},"end":{"line":163,"column":12}}]},"9":{"line":169,"type":"if","locations":[{"start":{"line":169,"column":8},"end":{"line":169,"column":8}},{"start":{"line":169,"column":8},"end":{"line":169,"column":8}}]},"10":{"line":171,"type":"if","locations":[{"start":{"line":171,"column":12},"end":{"line":171,"column":12}},{"start":{"line":171,"column":12},"end":{"line":171,"column":12}}]},"11":{"line":229,"type":"if","locations":[{"start":{"line":229,"column":8},"end":{"line":229,"column":8}},{"start":{"line":229,"column":8},"end":{"line":229,"column":8}}]},"12":{"line":232,"type":"if","locations":[{"start":{"line":232,"column":8},"end":{"line":232,"column":8}},{"start":{"line":232,"column":8},"end":{"line":232,"column":8}}]},"13":{"line":235,"type":"if","locations":[{"start":{"line":235,"column":8},"end":{"line":235,"column":8}},{"start":{"line":235,"column":8},"end":{"line":235,"column":8}}]},"14":{"line":260,"type":"if","locations":[{"start":{"line":260,"column":8},"end":{"line":260,"column":8}},{"start":{"line":260,"column":8},"end":{"line":260,"column":8}}]},"15":{"line":263,"type":"if","locations":[{"start":{"line":263,"column":8},"end":{"line":263,"column":8}},{"start":{"line":263,"column":8},"end":{"line":263,"column":8}}]},"16":{"line":266,"type":"if","locations":[{"start":{"line":266,"column":8},"end":{"line":266,"column":8}},{"start":{"line":266,"column":8},"end":{"line":266,"column":8}}]},"17":{"line":275,"type":"if","locations":[{"start":{"line":275,"column":8},"end":{"line":275,"column":8}},{"start":{"line":275,"column":8},"end":{"line":275,"column":8}}]},"18":{"line":279,"type":"if","locations":[{"start":{"line":279,"column":8},"end":{"line":279,"column":8}},{"start":{"line":279,"column":8},"end":{"line":279,"column":8}}]},"19":{"line":282,"type":"if","locations":[{"start":{"line":282,"column":8},"end":{"line":282,"column":8}},{"start":{"line":282,"column":8},"end":{"line":282,"column":8}}]},"20":{"line":283,"type":"if","locations":[{"start":{"line":283,"column":12},"end":{"line":283,"column":12}},{"start":{"line":283,"column":12},"end":{"line":283,"column":12}}]},"21":{"line":290,"type":"if","locations":[{"start":{"line":290,"column":8},"end":{"line":290,"column":8}},{"start":{"line":290,"column":8},"end":{"line":290,"column":8}}]},"22":{"line":292,"type":"if","locations":[{"start":{"line":292,"column":12},"end":{"line":292,"column":12}},{"start":{"line":292,"column":12},"end":{"line":292,"column":12}}]},"23":{"line":451,"type":"if","locations":[{"start":{"line":451,"column":8},"end":{"line":451,"column":8}},{"start":{"line":451,"column":8},"end":{"line":451,"column":8}}]},"24":{"line":452,"type":"if","locations":[{"start":{"line":452,"column":12},"end":{"line":452,"column":12}},{"start":{"line":452,"column":12},"end":{"line":452,"column":12}}]},"25":{"line":456,"type":"if","locations":[{"start":{"line":456,"column":12},"end":{"line":456,"column":12}},{"start":{"line":456,"column":12},"end":{"line":456,"column":12}}]},"26":{"line":463,"type":"if","locations":[{"start":{"line":463,"column":12},"end":{"line":463,"column":12}},{"start":{"line":463,"column":12},"end":{"line":463,"column":12}}]},"27":{"line":557,"type":"if","locations":[{"start":{"line":557,"column":8},"end":{"line":557,"column":8}},{"start":{"line":557,"column":8},"end":{"line":557,"column":8}}]},"28":{"line":562,"type":"if","locations":[{"start":{"line":562,"column":8},"end":{"line":562,"column":8}},{"start":{"line":562,"column":8},"end":{"line":562,"column":8}}]}}}}