{
"contracts/Dex.sol":{"l":{"41":0,"42":0,"50":0,"51":0,"53":0,"66":0,"71":0,"72":0,"74":0,"83":0,"84":0,"85":0,"87":0,"89":0,"102":0,"103":0,"104":0,"106":0,"111":0,"118":0,"119":0,"120":0,"131":0,"132":0,"135":0,"138":0,"140":0,"147":0,"150":0,"153":0,"154":0,"157":0,"160":0,"173":0,"176":0,"191":0,"192":0,"193":0,"200":0,"205":0,"211":0,"217":0,"223":0,"229":0,"235":0,"241":0,"245":0,"249":0,"259":0,"260":0,"262":0,"264":0,"266":0,"271":0,"277":0,"278":0,"280":0,"284":0,"285":0,"289":0,"290":0},"path":"/home/madness/Desktop/projects/exchange-final/contracts/Dex.sol","s":{"1":0,"2":0,"3":0,"4":0,"5":0,"6":0,"7":0,"8":0,"9":0,"10":0,"11":0,"12":0,"13":0,"14":0,"15":0,"16":0,"17":0,"18":0,"19":0,"20":0,"21":0,"22":0,"23":0,"24":0,"25":0,"26":0,"27":0,"28":0,"29":0,"30":0,"31":0,"32":0,"33":0,"34":0,"35":0,"36":0,"37":0,"38":0,"39":0,"40":0,"41":0,"42":0,"43":0,"44":0,"45":0,"46":0,"47":0,"48":0,"49":0,"50":0,"51":0,"52":0,"53":0,"54":0,"55":0,"56":0,"57":0,"58":0,"59":0},"b":{"1":[0,0],"2":[0,0],"3":[0,0],"4":[0,0],"5":[0,0],"6":[0,0],"7":[0,0],"8":[0,0],"9":[0,0],"10":[0,0],"11":[0,0],"12":[0,0],"13":[0,0],"14":[0,0],"15":[0,0],"16":[0,0]},"f":{"1":0,"2":0,"3":0,"4":0,"5":0,"6":0,"7":0,"8":0,"9":0,"10":0,"11":0,"12":0,"13":0,"14":0,"15":0,"16":0,"17":0,"18":0,"19":0,"20":0,"21":0},"fnMap":{"1":{"name":"constructor","line":39,"loc":{"start":{"line":39,"column":4},"end":{"line":43,"column":4}}},"2":{"name":"deposit","line":49,"loc":{"start":{"line":49,"column":4},"end":{"line":54,"column":4}}},"3":{"name":"depositToken","line":65,"loc":{"start":{"line":62,"column":4},"end":{"line":75,"column":4}}},"4":{"name":"withdraw","line":82,"loc":{"start":{"line":82,"column":4},"end":{"line":90,"column":4}}},"5":{"name":"withdrawToken","line":101,"loc":{"start":{"line":98,"column":4},"end":{"line":112,"column":4}}},"6":{"name":"addToken","line":117,"loc":{"start":{"line":117,"column":4},"end":{"line":121,"column":4}}},"7":{"name":"createOrder","line":130,"loc":{"start":{"line":125,"column":4},"end":{"line":185,"column":4}}},"8":{"name":"removeToken","line":190,"loc":{"start":{"line":190,"column":4},"end":{"line":194,"column":4}}},"9":{"name":"userBalanceForToken","line":199,"loc":{"start":{"line":199,"column":4},"end":{"line":201,"column":4}}},"10":{"name":"_userBalanceOf","line":204,"loc":{"start":{"line":204,"column":4},"end":{"line":206,"column":4}}},"11":{"name":"isValidToken","line":210,"loc":{"start":{"line":210,"column":4},"end":{"line":212,"column":4}}},"12":{"name":"getValidTokens","line":216,"loc":{"start":{"line":216,"column":4},"end":{"line":218,"column":4}}},"13":{"name":"orderExists","line":222,"loc":{"start":{"line":222,"column":4},"end":{"line":224,"column":4}}},"14":{"name":"getOrderFill","line":228,"loc":{"start":{"line":228,"column":4},"end":{"line":230,"column":4}}},"15":{"name":"_isEther","line":234,"loc":{"start":{"line":234,"column":4},"end":{"line":236,"column":4}}},"16":{"name":"_isValidToken","line":240,"loc":{"start":{"line":240,"column":4},"end":{"line":242,"column":4}}},"17":{"name":"_getNonce","line":244,"loc":{"start":{"line":244,"column":4},"end":{"line":246,"column":4}}},"18":{"name":"_calculateExpiration","line":248,"loc":{"start":{"line":248,"column":4},"end":{"line":250,"column":4}}},"19":{"name":"_checkBank","line":254,"loc":{"start":{"line":254,"column":4},"end":{"line":281,"column":4}}},"20":{"name":"onlyTokens","line":283,"loc":{"start":{"line":283,"column":4},"end":{"line":286,"column":4}}},"21":{"name":"onlyValidTokens","line":288,"loc":{"start":{"line":288,"column":4},"end":{"line":291,"column":4}}}},"statementMap":{"1":{"start":{"line":41,"column":8},"end":{"line":41,"column":38}},"2":{"start":{"line":42,"column":8},"end":{"line":42,"column":41}},"3":{"start":{"line":50,"column":8},"end":{"line":50,"column":72}},"4":{"start":{"line":51,"column":8},"end":{"line":51,"column":49}},"5":{"start":{"line":53,"column":8},"end":{"line":53,"column":63}},"6":{"start":{"line":66,"column":8},"end":{"line":66,"column":1825}},"7":{"start":{"line":71,"column":8},"end":{"line":71,"column":67}},"8":{"start":{"line":72,"column":8},"end":{"line":72,"column":46}},"9":{"start":{"line":74,"column":8},"end":{"line":74,"column":55}},"10":{"start":{"line":83,"column":8},"end":{"line":83,"column":72}},"11":{"start":{"line":84,"column":8},"end":{"line":84,"column":69}},"12":{"start":{"line":85,"column":8},"end":{"line":85,"column":46}},"13":{"start":{"line":87,"column":8},"end":{"line":87,"column":34}},"14":{"start":{"line":89,"column":8},"end":{"line":89,"column":61}},"15":{"start":{"line":102,"column":8},"end":{"line":102,"column":73}},"16":{"start":{"line":103,"column":8},"end":{"line":103,"column":75}},"17":{"start":{"line":104,"column":8},"end":{"line":104,"column":58}},"18":{"start":{"line":106,"column":8},"end":{"line":106,"column":3282}},"19":{"start":{"line":111,"column":8},"end":{"line":111,"column":56}},"20":{"start":{"line":118,"column":8},"end":{"line":118,"column":74}},"21":{"start":{"line":119,"column":8},"end":{"line":119,"column":33}},"22":{"start":{"line":120,"column":8},"end":{"line":120,"column":30}},"23":{"start":{"line":131,"column":8},"end":{"line":131,"column":3938}},"24":{"start":{"line":132,"column":12},"end":{"line":132,"column":64}},"25":{"start":{"line":135,"column":8},"end":{"line":135,"column":71}},"26":{"start":{"line":138,"column":8},"end":{"line":138,"column":4185}},"27":{"start":{"line":140,"column":12},"end":{"line":140,"column":4302}},"28":{"start":{"line":147,"column":8},"end":{"line":147,"column":52}},"29":{"start":{"line":150,"column":8},"end":{"line":150,"column":56}},"30":{"start":{"line":153,"column":8},"end":{"line":153,"column":60}},"31":{"start":{"line":154,"column":8},"end":{"line":154,"column":54}},"32":{"start":{"line":157,"column":8},"end":{"line":157,"column":37}},"33":{"start":{"line":160,"column":8},"end":{"line":160,"column":4848}},"34":{"start":{"line":173,"column":8},"end":{"line":173,"column":44}},"35":{"start":{"line":176,"column":8},"end":{"line":176,"column":5231}},"36":{"start":{"line":191,"column":8},"end":{"line":191,"column":73}},"37":{"start":{"line":192,"column":8},"end":{"line":192,"column":34}},"38":{"start":{"line":193,"column":8},"end":{"line":193,"column":32}},"39":{"start":{"line":200,"column":8},"end":{"line":200,"column":48}},"40":{"start":{"line":205,"column":8},"end":{"line":205,"column":48}},"41":{"start":{"line":211,"column":8},"end":{"line":211,"column":35}},"42":{"start":{"line":217,"column":8},"end":{"line":217,"column":32}},"43":{"start":{"line":223,"column":8},"end":{"line":223,"column":42}},"44":{"start":{"line":229,"column":8},"end":{"line":229,"column":46}},"45":{"start":{"line":235,"column":8},"end":{"line":235,"column":34}},"46":{"start":{"line":241,"column":8},"end":{"line":241,"column":34}},"47":{"start":{"line":245,"column":8},"end":{"line":245,"column":31}},"48":{"start":{"line":249,"column":8},"end":{"line":249,"column":50}},"49":{"start":{"line":259,"column":8},"end":{"line":259,"column":7383}},"50":{"start":{"line":260,"column":12},"end":{"line":260,"column":74}},"51":{"start":{"line":262,"column":12},"end":{"line":262,"column":61}},"52":{"start":{"line":264,"column":12},"end":{"line":264,"column":7564}},"53":{"start":{"line":266,"column":16},"end":{"line":266,"column":67}},"54":{"start":{"line":271,"column":12},"end":{"line":271,"column":7797}},"55":{"start":{"line":277,"column":8},"end":{"line":277,"column":67}},"56":{"start":{"line":278,"column":8},"end":{"line":278,"column":62}},"57":{"start":{"line":280,"column":8},"end":{"line":280,"column":19}},"58":{"start":{"line":284,"column":8},"end":{"line":284,"column":67}},"59":{"start":{"line":289,"column":8},"end":{"line":289,"column":77}}},"branchMap":{"1":{"line":66,"type":"if","locations":[{"start":{"line":66,"column":8},"end":{"line":66,"column":8}},{"start":{"line":66,"column":8},"end":{"line":66,"column":8}}]},"2":{"line":84,"type":"if","locations":[{"start":{"line":84,"column":8},"end":{"line":84,"column":8}},{"start":{"line":84,"column":8},"end":{"line":84,"column":8}}]},"3":{"line":103,"type":"if","locations":[{"start":{"line":103,"column":8},"end":{"line":103,"column":8}},{"start":{"line":103,"column":8},"end":{"line":103,"column":8}}]},"4":{"line":106,"type":"if","locations":[{"start":{"line":106,"column":8},"end":{"line":106,"column":8}},{"start":{"line":106,"column":8},"end":{"line":106,"column":8}}]},"5":{"line":118,"type":"if","locations":[{"start":{"line":118,"column":8},"end":{"line":118,"column":8}},{"start":{"line":118,"column":8},"end":{"line":118,"column":8}}]},"6":{"line":131,"type":"if","locations":[{"start":{"line":131,"column":8},"end":{"line":131,"column":8}},{"start":{"line":131,"column":8},"end":{"line":131,"column":8}}]},"7":{"line":132,"type":"if","locations":[{"start":{"line":132,"column":12},"end":{"line":132,"column":12}},{"start":{"line":132,"column":12},"end":{"line":132,"column":12}}]},"8":{"line":138,"type":"if","locations":[{"start":{"line":138,"column":8},"end":{"line":138,"column":8}},{"start":{"line":138,"column":8},"end":{"line":138,"column":8}}]},"9":{"line":140,"type":"if","locations":[{"start":{"line":140,"column":12},"end":{"line":140,"column":12}},{"start":{"line":140,"column":12},"end":{"line":140,"column":12}}]},"10":{"line":191,"type":"if","locations":[{"start":{"line":191,"column":8},"end":{"line":191,"column":8}},{"start":{"line":191,"column":8},"end":{"line":191,"column":8}}]},"11":{"line":259,"type":"if","locations":[{"start":{"line":259,"column":8},"end":{"line":259,"column":8}},{"start":{"line":259,"column":8},"end":{"line":259,"column":8}}]},"12":{"line":260,"type":"if","locations":[{"start":{"line":260,"column":12},"end":{"line":260,"column":12}},{"start":{"line":260,"column":12},"end":{"line":260,"column":12}}]},"13":{"line":264,"type":"if","locations":[{"start":{"line":264,"column":12},"end":{"line":264,"column":12}},{"start":{"line":264,"column":12},"end":{"line":264,"column":12}}]},"14":{"line":271,"type":"if","locations":[{"start":{"line":271,"column":12},"end":{"line":271,"column":12}},{"start":{"line":271,"column":12},"end":{"line":271,"column":12}}]},"15":{"line":284,"type":"if","locations":[{"start":{"line":284,"column":8},"end":{"line":284,"column":8}},{"start":{"line":284,"column":8},"end":{"line":284,"column":8}}]},"16":{"line":289,"type":"if","locations":[{"start":{"line":289,"column":8},"end":{"line":289,"column":8}},{"start":{"line":289,"column":8},"end":{"line":289,"column":8}}]}}}}
