TN:
SF:/home/madness/Desktop/projects/exchange-final/contracts/Dex.sol
FN:39,constructor
FN:49,deposit
FN:65,depositToken
FN:82,withdraw
FN:101,withdrawToken
FN:117,addToken
FN:130,createOrder
FN:190,removeToken
FN:199,userBalanceForToken
FN:204,_userBalanceOf
FN:210,isValidToken
FN:216,getValidTokens
FN:222,orderExists
FN:228,getOrderFill
FN:234,_isEther
FN:240,_isValidToken
FN:244,_getNonce
FN:248,_calculateExpiration
FN:254,_checkBank
FN:283,onlyTokens
FN:288,onlyValidTokens
FNF:21
FNH:0
FNDA:0,constructor
FNDA:0,deposit
FNDA:0,depositToken
FNDA:0,withdraw
FNDA:0,withdrawToken
FNDA:0,addToken
FNDA:0,createOrder
FNDA:0,removeToken
FNDA:0,userBalanceForToken
FNDA:0,_userBalanceOf
FNDA:0,isValidToken
FNDA:0,getValidTokens
FNDA:0,orderExists
FNDA:0,getOrderFill
FNDA:0,_isEther
FNDA:0,_isValidToken
FNDA:0,_getNonce
FNDA:0,_calculateExpiration
FNDA:0,_checkBank
FNDA:0,onlyTokens
FNDA:0,onlyValidTokens
DA:41,0
DA:42,0
DA:50,0
DA:51,0
DA:53,0
DA:66,0
DA:71,0
DA:72,0
DA:74,0
DA:83,0
DA:84,0
DA:85,0
DA:87,0
DA:89,0
DA:102,0
DA:103,0
DA:104,0
DA:106,0
DA:111,0
DA:118,0
DA:119,0
DA:120,0
DA:131,0
DA:132,0
DA:135,0
DA:138,0
DA:140,0
DA:147,0
DA:150,0
DA:153,0
DA:154,0
DA:157,0
DA:160,0
DA:173,0
DA:176,0
DA:191,0
DA:192,0
DA:193,0
DA:200,0
DA:205,0
DA:211,0
DA:217,0
DA:223,0
DA:229,0
DA:235,0
DA:241,0
DA:245,0
DA:249,0
DA:259,0
DA:260,0
DA:262,0
DA:264,0
DA:266,0
DA:271,0
DA:277,0
DA:278,0
DA:280,0
DA:284,0
DA:285,0
DA:289,0
DA:290,0
LF:61
LH:0
BRDA:66,1,0,0
BRDA:66,1,1,0
BRDA:84,2,0,0
BRDA:84,2,1,0
BRDA:103,3,0,0
BRDA:103,3,1,0
BRDA:106,4,0,0
BRDA:106,4,1,0
BRDA:118,5,0,0
BRDA:118,5,1,0
BRDA:131,6,0,0
BRDA:131,6,1,0
BRDA:132,7,0,0
BRDA:132,7,1,0
BRDA:138,8,0,0
BRDA:138,8,1,0
BRDA:140,9,0,0
BRDA:140,9,1,0
BRDA:191,10,0,0
BRDA:191,10,1,0
BRDA:259,11,0,0
BRDA:259,11,1,0
BRDA:260,12,0,0
BRDA:260,12,1,0
BRDA:264,13,0,0
BRDA:264,13,1,0
BRDA:271,14,0,0
BRDA:271,14,1,0
BRDA:284,15,0,0
BRDA:284,15,1,0
BRDA:289,16,0,0
BRDA:289,16,1,0
BRF:32
BRH:0
end_of_record
