TN:
SF:/home/madness/Desktop/projects/exchange-final/contracts/Dex.sol
FN:61,constructor
FN:71,deposit
FN:87,depositToken
FN:104,withdraw
FN:123,withdrawToken
FN:139,addToken
FN:148,removeToken
FN:161,createOrder
FN:227,cancelOrder
FN:258,fillOrder
FN:324,userBalanceForToken
FN:330,isValidToken
FN:336,getValidTokens
FN:342,orderExists
FN:348,orderIsCanceled
FN:354,orderIsFilled
FN:360,orderIsExpired
FN:366,getOrderFill
FN:372,getOrderInfo
FN:378,_getOrderInfo
FN:383,_userBalanceOf
FN:392,_orderExists
FN:398,_orderIsCanceled
FN:404,_orderIsExpired
FN:411,_orderIsFilled
FN:418,_isEther
FN:424,_isValidToken
FN:428,_getNonce
FN:432,_calculateExpiration
FN:436,_getOrderFill
FN:440,_isOrderCreator
FN:446,_checkBank
FN:477,_unlockTokens
FN:489,_lockTokens
FN:501,_transferEscrowed
FN:516,_trade
FN:534,_hashOrder
FN:556,onlyTokens
FN:561,onlyValidTokens
FNF:39
FNH:39
FNDA:69,constructor
FNDA:13,deposit
FNDA:16,depositToken
FNDA:4,withdraw
FNDA:4,withdrawToken
FNDA:54,addToken
FNDA:4,removeToken
FNDA:43,createOrder
FNDA:11,cancelOrder
FNDA:22,fillOrder
FNDA:39,userBalanceForToken
FNDA:54,isValidToken
FNDA:1,getValidTokens
FNDA:24,orderExists
FNDA:3,orderIsCanceled
FNDA:1,orderIsFilled
FNDA:1,orderIsExpired
FNDA:8,getOrderFill
FNDA:3,getOrderInfo
FNDA:44,_getOrderInfo
FNDA:230,_userBalanceOf
FNDA:57,_orderExists
FNDA:32,_orderIsCanceled
FNDA:19,_orderIsExpired
FNDA:1,_orderIsFilled
FNDA:126,_isEther
FNDA:228,_isValidToken
FNDA:35,_getNonce
FNDA:35,_calculateExpiration
FNDA:13,_getOrderFill
FNDA:7,_isOrderCreator
FNDA:35,_checkBank
FNDA:13,_unlockTokens
FNDA:35,_lockTokens
FNDA:16,_transferEscrowed
FNDA:8,_trade
FNDA:35,_hashOrder
FNDA:28,onlyTokens
FNDA:116,onlyValidTokens
DA:63,69
DA:64,69
DA:72,13
DA:73,13
DA:75,13
DA:88,16
DA:93,12
DA:94,12
DA:96,12
DA:105,4
DA:106,4
DA:107,2
DA:109,2
DA:111,2
DA:124,4
DA:125,4
DA:126,2
DA:128,2
DA:133,2
DA:140,54
DA:141,52
DA:142,52
DA:149,4
DA:150,2
DA:151,2
DA:162,43
DA:163,14
DA:166,41
DA:169,41
DA:171,28
DA:178,35
DA:181,35
DA:184,35
DA:187,35
DA:190,35
DA:201,35
DA:214,35
DA:229,11
DA:232,9
DA:235,7
DA:238,5
DA:241,5
DA:244,5
DA:247,5
DA:250,5
DA:253,5
DA:260,22
DA:263,20
DA:266,18
DA:269,16
DA:272,16
DA:275,16
DA:278,14
DA:279,14
DA:282,12
DA:283,12
DA:287,10
DA:290,10
DA:292,7
DA:299,8
DA:302,8
DA:312,8
DA:315,8
DA:325,39
DA:331,54
DA:337,1
DA:343,24
DA:349,3
DA:355,1
DA:361,1
DA:367,8
DA:373,3
DA:379,44
DA:387,230
DA:393,57
DA:399,32
DA:405,19
DA:406,19
DA:412,1
DA:413,1
DA:419,126
DA:425,228
DA:429,35
DA:433,35
DA:437,13
DA:441,7
DA:451,35
DA:452,20
DA:454,18
DA:456,18
DA:458,0
DA:463,15
DA:469,27
DA:470,27
DA:472,27
DA:482,13
DA:483,13
DA:484,13
DA:494,35
DA:495,35
DA:496,35
DA:507,16
DA:508,16
DA:510,16
DA:511,16
DA:525,8
DA:528,8
DA:529,8
DA:543,35
DA:557,28
DA:558,24
DA:562,116
DA:563,108
LF:113
LH:112
BRDA:88,1,0,12
BRDA:88,1,1,4
BRDA:106,2,0,2
BRDA:106,2,1,2
BRDA:125,3,0,2
BRDA:125,3,1,2
BRDA:128,4,0,2
BRDA:128,4,1,0
BRDA:140,5,0,52
BRDA:140,5,1,2
BRDA:149,6,0,2
BRDA:149,6,1,2
BRDA:162,7,0,14
BRDA:162,7,1,29
BRDA:163,8,0,12
BRDA:163,8,1,2
BRDA:169,9,0,28
BRDA:169,9,1,13
BRDA:171,10,0,22
BRDA:171,10,1,6
BRDA:229,11,0,9
BRDA:229,11,1,2
BRDA:232,12,0,7
BRDA:232,12,1,2
BRDA:235,13,0,5
BRDA:235,13,1,2
BRDA:260,14,0,20
BRDA:260,14,1,2
BRDA:263,15,0,18
BRDA:263,15,1,2
BRDA:266,16,0,16
BRDA:266,16,1,2
BRDA:275,17,0,14
BRDA:275,17,1,2
BRDA:279,18,0,12
BRDA:279,18,1,2
BRDA:282,19,0,12
BRDA:282,19,1,0
BRDA:283,20,0,10
BRDA:283,20,1,2
BRDA:290,21,0,7
BRDA:290,21,1,3
BRDA:292,22,0,5
BRDA:292,22,1,2
BRDA:451,23,0,20
BRDA:451,23,1,15
BRDA:452,24,0,18
BRDA:452,24,1,2
BRDA:456,25,0,0
BRDA:456,25,1,18
BRDA:463,26,0,9
BRDA:463,26,1,6
BRDA:557,27,0,24
BRDA:557,27,1,4
BRDA:562,28,0,108
BRDA:562,28,1,8
BRF:56
BRH:53
end_of_record
